\BOOKMARK [-1][-]{part.1}{\376\377\000I\000\040\163\053\213\272\000/\000C\000a\000t\000e\000r\000g\000o\000r\000y\000\040\000T\000h\000e\000o\000r\000y}{}% 1
\BOOKMARK [0][-]{chapter.1}{\376\377\203\003\165\164\000/\000C\000a\000t\000e\000g\000o\000r\000y}{part.1}% 2
\BOOKMARK [1][-]{section.1.1}{\376\377\000H\000a\000s\000k}{chapter.1}% 3
\BOOKMARK [1][-]{section.1.2}{\376\377\000D\000u\000e\000l}{chapter.1}% 4
\BOOKMARK [0][-]{chapter.2}{\376\377\121\375\133\120\000\040\000/\000\040\000F\000u\000n\000c\000t\000o\000r}{part.1}% 5
\BOOKMARK [0][-]{chapter.3}{\376\377\000C\000a\000t\000/\163\053}{part.1}% 6
\BOOKMARK [0][-]{chapter.4}{\376\377\201\352\161\066\123\330\143\142\000\040\000/\000\040\000N\000a\000t\000u\000r\000a\000l\000\040\000T\000r\000a\000n\000s\000f\000o\000r\000m\000a\000t\000i\000o\000n\000s\000\040}{part.1}% 7
\BOOKMARK [0][-]{chapter.5}{\376\377\000S\000t\000r\000i\000n\000g\000\040\000D\000i\000a\000g\000r\000a\000m}{part.1}% 8
\BOOKMARK [0][-]{chapter.6}{\376\377\000A\000d\000j\000u\000n\000c\000t\000i\000o\000n\000\040\000F\000u\000n\000c\000t\000o\000r\000\040\117\064\226\217\121\375\133\120}{part.1}% 9
\BOOKMARK [0][-]{chapter.7}{\376\377\116\316\117\064\226\217\121\375\133\120\122\060\000\040\123\125\133\120\000/\000M\000o\000n\000a\000d}{part.1}% 10
\BOOKMARK [1][-]{section.7.1}{\376\377\116\011\211\322\173\111\137\017}{chapter.7}% 11
\BOOKMARK [1][-]{section.7.2}{\376\377\176\323\124\010\137\213}{chapter.7}% 12
\BOOKMARK [0][-]{chapter.8}{\376\377\000Y\000o\000n\000e\000d\000a\000\040\000l\000e\000m\000m\000a\000\040\000/\000\040\174\163\165\060\121\161\000\040\174\163\165\060\137\025\164\006}{part.1}% 13
\BOOKMARK [1][-]{section.8.1}{\376\377\000R\000a\000n\000k\000\040\000N\000\040\000T\000y\000p\000e}{chapter.8}% 14
\BOOKMARK [0][-]{chapter.9}{\376\377\000K\000l\000e\000i\000s\000l\000i\000\040\000C\000a\000t\000e\000r\000g\000o\000r\000y}{part.1}% 15
\BOOKMARK [0][-]{chapter.10}{\376\377\000S\000u\000m\000m\000a\000r\000y}{part.1}% 16
\BOOKMARK [-1][-]{part.2}{\376\377\000I\000I\000\040\230\337\165\050\163\053\124\142\000/\000P\000r\000a\000c\000t\000i\000c\000a\000l\000\040\000M\000o\000n\000a\000d\000s}{}% 17
\BOOKMARK [0][-]{chapter.11}{\376\377\000F\000u\000n\000c\000t\000o\000r\000\040\230\337\165\050\121\375\133\120\133\232\116\111}{part.2}% 18
\BOOKMARK [0][-]{chapter.12}{\376\377\000A\000p\000p\000l\000i\000c\000a\000t\000i\000v\000e}{part.2}% 19
\BOOKMARK [0][-]{chapter.13}{\376\377\000M\000o\000n\000a\000d}{part.2}% 20
\BOOKMARK [0][-]{chapter.14}{\376\377\000I\000d\000e\000n\000t\000i\000t\000y\000\040\147\054\216\253\134\061\147\011}{part.2}% 21
\BOOKMARK [0][-]{chapter.15}{\376\377\000M\000a\000y\000b\000e\000\040\123\357\200\375\117\032\147\011}{part.2}% 22
\BOOKMARK [0][-]{chapter.16}{\376\377\000E\000i\000t\000h\000e\000r\000\040\211\201\116\110\147\011\211\201\116\110\147\011}{part.2}% 23
\BOOKMARK [1][-]{section.16.1}{\376\377\000P\000r\000o\000d\000u\000c\000t\000\040\000\046\000\040\000C\000o\000p\000r\000o\000d\000u\000c\000t}{chapter.16}% 24
\BOOKMARK [1][-]{section.16.2}{\376\377\000E\000i\000t\000h\000e\000r\000\040\000M\000o\000n\000a\000d}{chapter.16}% 25
\BOOKMARK [0][-]{chapter.17}{\376\377\000R\000e\000a\000d\000e\000r\000\040\135\356\116\000\160\271\134\061\147\011}{part.2}% 26
\BOOKMARK [1][-]{section.17.1}{\376\377\000d\000o\000\040\000n\000o\000t\000a\000t\000i\000o\000n}{chapter.17}% 27
\BOOKMARK [0][-]{chapter.18}{\376\377\000W\000r\000i\000t\000e\000r\000\040\121\111\121\372\217\333\154\241\147\011}{part.2}% 28
\BOOKMARK [0][-]{chapter.19}{\376\377\000S\000t\000a\000t\000e\000\040\123\330\123\026\117\032\147\011}{part.2}% 29
\BOOKMARK [0][-]{chapter.20}{\376\377\000V\000a\000l\000i\000d\000a\000t\000i\000o\000n\000\040\150\300\147\345\150\300\147\345}{part.2}% 30
\BOOKMARK [1][-]{section.20.1}{\376\377\124\053\136\172\123\112\177\244\000/\000M\000o\000n\000o\000i\000d}{chapter.20}% 31
\BOOKMARK [1][-]{section.20.2}{\376\377\126\336\122\060\000\040\000V\000a\000l\000i\000d\000a\000t\000i\000o\000n}{chapter.20}% 32
\BOOKMARK [0][-]{chapter.21}{\376\377\000C\000o\000n\000t\000\040\143\245\116\013\147\145\147\011}{part.2}% 33
\BOOKMARK [0][-]{chapter.22}{\376\377\000S\000u\000m\000m\000a\000r\000y}{part.2}% 34
\BOOKMARK [-1][-]{part.3}{\376\377\000I\000I\000I\000\040\144\036\127\372\163\053\124\142\000/\000A\000d\000v\000a\000n\000c\000e\000d\000\040\000M\000o\000n\000a\000d\000s}{}% 35
\BOOKMARK [0][-]{chapter.23}{\376\377\000R\000W\000S}{part.3}% 36
\BOOKMARK [0][-]{chapter.24}{\376\377\000M\000o\000n\000a\000d\000\040\000T\000r\000a\000n\000s\000f\000o\000r\000m}{part.3}% 37
\BOOKMARK [1][-]{section.24.1}{\376\377\000R\000e\000a\000d\000e\000r\000T}{chapter.24}% 38
\BOOKMARK [0][-]{chapter.25}{\376\377\000A\000l\000t\000e\000r\000n\000a\000t\000i\000v\000e}{part.3}% 39
\BOOKMARK [0][-]{chapter.26}{\376\377\000M\000o\000n\000a\000d\000P\000l\000u\000s}{part.3}% 40
\BOOKMARK [0][-]{chapter.27}{\376\377\000S\000T\000\040\000M\000o\000n\000a\000d}{part.3}% 41
\BOOKMARK [0][-]{chapter.28}{\376\377\000F\000r\000e\000e\000\040\000M\000o\000n\000a\000d}{part.3}% 42
\BOOKMARK [1][-]{section.28.1}{\376\377\000F\000r\000e\000e}{chapter.28}% 43
\BOOKMARK [1][-]{section.28.2}{\376\377\000C\000o\000y\000o\000n\000e\000d\000a}{chapter.28}% 44
\BOOKMARK [1][-]{section.28.3}{\376\377\000F\000r\000e\000e\000\040\000F\000u\000n\000c\000t\000o\000r}{chapter.28}% 45
\BOOKMARK [1][-]{section.28.4}{\376\377\000I\000n\000t\000e\000r\000p\000r\000e\000t\000e\000r}{chapter.28}% 46
\BOOKMARK [0][-]{chapter.29}{\376\377\000F\000r\000e\000e\000\040\000M\000o\000n\000o\000i\000d}{part.3}% 47
\BOOKMARK [0][-]{chapter.30}{\376\377\000E\000f\000f}{part.3}% 48
\BOOKMARK [0][-]{chapter.31}{\376\377\000C\000o\000m\000o\000n\000a\000d}{part.3}% 49
